1620563054878	geckodriver	INFO	Listening on 127.0.0.1:64068
1620563057913	mozrunner::runner	INFO	Running command: "C:\\Program Files\\Mozilla Firefox\\firefox.exe" "--marionette" "-foreground" "-no-remote" "-profile" "C:\\Users\\steph\\AppData\\Local\\Temp\\rust_mozprofileTrm30F"
1620563096824	geckodriver	INFO	Listening on 127.0.0.1:64181
1620563099875	mozrunner::runner	INFO	Running command: "C:\\Program Files\\Mozilla Firefox\\firefox.exe" "--marionette" "-foreground" "-no-remote" "-profile" "C:\\Users\\steph\\AppData\\Local\\Temp\\rust_mozprofile2mJ2a9"
1620563100238	Marionette	INFO	Marionette enabled
console.warn: SearchSettings: "get: No settings file exists, new profile?" (new Error("", "(unknown module)"))
1620563102578	Marionette	INFO	Listening on port 64190
1620563103040	Marionette	WARN	TLS certificate errors will be ignored for this session
1620563114047	Marionette	INFO	Stopped listening on port 64190

###!!! [Child][RunMessage] Error: Channel closing: too late to send/recv, messages will be lost

1620563448109	geckodriver	INFO	Listening on 127.0.0.1:64476
1620563451136	mozrunner::runner	INFO	Running command: "C:\\Program Files\\Mozilla Firefox\\firefox.exe" "--marionette" "-foreground" "-no-remote" "-profile" "C:\\Users\\steph\\AppData\\Local\\Temp\\rust_mozprofileEhcTtk"
1620563451467	Marionette	INFO	Marionette enabled
console.warn: SearchSettings: "get: No settings file exists, new profile?" (new Error("", "(unknown module)"))
1620563453731	Marionette	INFO	Listening on port 64485
1620563453807	Marionette	WARN	TLS certificate errors will be ignored for this session
1620563468505	Marionette	INFO	Stopped listening on port 64485

###!!! [Child][RunMessage] Error: Channel closing: too late to send/recv, messages will be lost

1620566056625	geckodriver	INFO	Listening on 127.0.0.1:50299
1620566059647	mozrunner::runner	INFO	Running command: "C:\\Program Files\\Mozilla Firefox\\firefox.exe" "--marionette" "-foreground" "-no-remote" "-profile" "C:\\Users\\steph\\AppData\\Local\\Temp\\rust_mozprofileF3Fegq"
1620566060006	Marionette	INFO	Marionette enabled
console.warn: SearchSettings: "get: No settings file exists, new profile?" (new Error("", "(unknown module)"))
1620566062249	Marionette	INFO	Listening on port 50308
1620566062313	Marionette	WARN	TLS certificate errors will be ignored for this session
1620566071635	Marionette	INFO	Stopped listening on port 50308

###!!! [Child][RunMessage] Error: Channel closing: too late to send/recv, messages will be lost

1620566116678	geckodriver	INFO	Listening on 127.0.0.1:50482
1620566119687	mozrunner::runner	INFO	Running command: "C:\\Program Files\\Mozilla Firefox\\firefox.exe" "--marionette" "-foreground" "-no-remote" "-profile" "C:\\Users\\steph\\AppData\\Local\\Temp\\rust_mozprofile7P7iJa"
1620566120038	Marionette	INFO	Marionette enabled
console.warn: SearchSettings: "get: No settings file exists, new profile?" (new Error("", "(unknown module)"))
1620566122268	Marionette	INFO	Listening on port 50490
1620566122362	Marionette	WARN	TLS certificate errors will be ignored for this session
1620566135679	Marionette	INFO	Stopped listening on port 50490

###!!! [Child][RunMessage] Error: Channel closing: too late to send/recv, messages will be lost

